#
# Copyright (c) 2009 Nokia Corporation and/or its subsidiary(-ies).
# All rights reserved.
# This component and the accompanying materials are made available
# under the terms of "Eclipse Public License v1.0"
# which accompanies this distribution, and is available
# at the URL "http://www.eclipse.org/legal/epl-v10.html".
#
# Initial Contributors:
# Nokia Corporation - initial contribution.
#
# Contributors:
#
# Description: 
#

component	telephony_hwrm

source		\sf\os\devicesrv\resourcemgmt\hwresourcesmgr\client
source		\sf\os\devicesrv\resourcemgmt\hwresourcesmgr\common
source		\sf\os\devicesrv\resourcemgmt\hwresourcesmgr\data
source		\sf\os\devicesrv\resourcemgmt\hwresourcesmgr\documentation
source		\sf\os\devicesrv\resourcemgmt\hwresourcesmgr\extendedlight
source		\sf\os\devicesrv\resourcemgmt\hwresourcesmgr\group
source		\sf\os\devicesrv\resourcemgmt\hwresourcesmgr\include
source		\sf\os\devicesrv\resourcemgmt\hwresourcesmgr\light
source		\sf\os\devicesrv\resourcemgmt\hwresourcesmgr\power
source		\sf\os\devicesrv\resourcemgmt\hwresourcesmgr\server
source		\sf\os\devicesrv\resourcemgmt\hwresourcesmgr\test
source		\sf\os\devicesrv\resourcemgmt\hwresourcesmgr\vibra

binary		\sf\os\devicesrv\resourcemgmt\hwresourcesmgr\group	all
exports		\sf\os\devicesrv\resourcemgmt\hwresourcesmgr\group
notes_source	\component_defs\release.src

ipr E
ipr T \sf\os\devicesrv\resourcemgmt\hwresourcesmgr\data
ipr T \sf\os\devicesrv\resourcemgmt\hwresourcesmgr\test
