#
# Copyright (c) 2009 Nokia Corporation and/or its subsidiary(-ies).
# All rights reserved.
# This component and the accompanying materials are made available
# under the terms of "Eclipse Public License v1.0"
# which accompanies this distribution, and is available
# at the URL "http://www.eclipse.org/legal/epl-v10.html".
#
# Initial Contributors:
# Nokia Corporation - initial contribution.
#
# Contributors:
#
# Description: 
#

component sysutil
source	\sf\os\devicesrv\commonservices\sysutil
binary \sf\os\devicesrv\commonservices\sysutil\group all
exports \sf\os\devicesrv\commonservices\sysutil\group
notes_source	\component_defs\release.src

ipr D
ipr T \sf\os\devicesrv\commonservices\sysutil\test